<?xml version="1.0" encoding="UTF-8"?>
<!-- Generated by org.testng.reporters.JUnitXMLReporter -->
<testsuite ignored="0" hostname="DESKTOP-N9BKNFU" failures="0" tests="4" name="Default test" time="28.86" errors="0" timestamp="2023-07-21T17:37:07 IST">
  <testcase classname="com.WebTests.D02EchotrakLogin" name="f" time="2.35"/>
  <testcase classname="com.WebTests.D02EchotrakLogin" name="f" time="2.018"/>
  <testcase classname="com.WebTests.D02EchotrakLogin" name="f" time="1.564"/>
  <testcase classname="com.WebTests.D02EchotrakLogin" name="f" time="1.788"/>
</testsuite> <!-- Default test -->
